Time resolution is 1 ps
==== Test readmemb ins_mem ====
imem[0] = 11100000
imem[1] = 00000010
imem[2] = 10000110
imem[3] = 00000100
imem[4] = 10000010
imem[5] = 00001010
imem[6] = 10000100
imem[7] = 00000010
imem[8] = 10001000
imem[9] = 00001111
imem[10] = 10001010
imem[11] = 00001111
imem[12] = 00000110
imem[13] = 10111000
imem[14] = 00000110
imem[15] = 10111001
imem[16] = 00000110
imem[17] = 10111011
imem[18] = 00000110
imem[19] = 10111100
imem[20] = 00000110
imem[21] = 10111101
imem[22] = 00000110
imem[23] = 01111110
imem[24] = 00000110
imem[25] = 10111111
imem[26] = 00001011
imem[27] = 01111010
imem[28] = 00010001
imem[29] = 00000101
imem[30] = 00101001
imem[31] = 00000101
imem[32] = 01010001
imem[33] = 00000101
imem[34] = 01100001
imem[35] = 00000101
imem[36] = 01000001
imem[37] = 00000101
imem[38] = 00111001
imem[39] = 00000101
imem[40] = 11111001
imem[41] = 00000101
imem[42] = 10010000
imem[43] = 11000000
imem[44] = 10010001
imem[45] = 00000010
imem[46] = 01110000
imem[47] = 11000010
imem[48] = 01110001
imem[49] = 00000000
==== Test readmemb data_mem ====
memory[0] = 00000000
memory[1] = 00000000
memory[2] = 00000000
memory[3] = 00000001
memory[4] = 00000000
memory[5] = 00000010
